# Logfile created on 2014-04-27 12:28:33 -0400 by logger.rb/31641
I, [2014-04-27T12:28:33.551875 #440055]  INFO -- : 0:  rack (1.5.2) from /usr/libexec/openshift/cartridges/c9-0.1/root/lib/ruby/gems/specifications/rack-1.5.2.gemspec
I, [2014-04-27T12:28:34.838307 #440055]  INFO -- : 0:  rack-protection (1.5.3) from /var/lib/stickshift/535a8352e0b8cd340e00046a/app-root/data/lib/ruby/gems/specifications/rack-protection-1.5.3.gemspec
I, [2014-04-27T12:28:34.839366 #440055]  INFO -- : 0:  tilt (1.4.1) from /usr/libexec/openshift/cartridges/c9-0.1/root/lib/ruby/gems/specifications/tilt-1.4.1.gemspec
I, [2014-04-27T12:28:37.752918 #440055]  INFO -- : 0:  sinatra (1.4.5) from /var/lib/stickshift/535a8352e0b8cd340e00046a/app-root/data/lib/ruby/gems/specifications/sinatra-1.4.5.gemspec
I, [2014-04-27T12:28:37.756393 #440055]  INFO -- : 0:  bundler (1.5.1) from /usr/libexec/openshift/cartridges/c9-0.1/root/lib/ruby/gems/specifications/bundler-1.5.1.gemspec
I, [2014-04-27T13:18:14.244175 #497980]  INFO -- : 0:  backports (3.6.0) from /var/lib/stickshift/535a8352e0b8cd340e00046a/app-root/data/lib/ruby/gems/specifications/backports-3.6.0.gemspec
I, [2014-04-27T13:18:15.457462 #497980]  INFO -- : 0:  multi_json (1.9.2) from /var/lib/stickshift/535a8352e0b8cd340e00046a/app-root/data/lib/ruby/gems/specifications/multi_json-1.9.2.gemspec
I, [2014-04-27T13:18:15.458348 #497980]  INFO -- : 0:  rack (1.5.2) from /usr/libexec/openshift/cartridges/c9-0.1/root/lib/ruby/gems/specifications/rack-1.5.2.gemspec
I, [2014-04-27T13:18:15.466645 #497980]  INFO -- : 0:  rack-protection (1.5.3) from /var/lib/stickshift/535a8352e0b8cd340e00046a/app-root/data/lib/ruby/gems/specifications/rack-protection-1.5.3.gemspec
I, [2014-04-27T13:18:15.467285 #497980]  INFO -- : 0:  rack-test (0.6.2) from /usr/libexec/openshift/cartridges/c9-0.1/root/lib/ruby/gems/specifications/rack-test-0.6.2.gemspec
I, [2014-04-27T13:18:15.468011 #497980]  INFO -- : 0:  tilt (1.4.1) from /usr/libexec/openshift/cartridges/c9-0.1/root/lib/ruby/gems/specifications/tilt-1.4.1.gemspec
I, [2014-04-27T13:18:15.468662 #497980]  INFO -- : 0:  sinatra (1.4.5) from /var/lib/stickshift/535a8352e0b8cd340e00046a/app-root/data/lib/ruby/gems/specifications/sinatra-1.4.5.gemspec
I, [2014-04-27T13:18:17.155701 #497980]  INFO -- : 0:  sinatra-contrib (1.4.2) from /var/lib/stickshift/535a8352e0b8cd340e00046a/app-root/data/lib/ruby/gems/specifications/sinatra-contrib-1.4.2.gemspec
I, [2014-04-27T13:18:17.156549 #497980]  INFO -- : 0:  bundler (1.5.1) from /usr/libexec/openshift/cartridges/c9-0.1/root/lib/ruby/gems/specifications/bundler-1.5.1.gemspec
I, [2014-04-27T13:34:02.953197 #517738]  INFO -- : 0:  backports (3.6.0) from /var/lib/stickshift/535a8352e0b8cd340e00046a/app-root/data/lib/ruby/gems/specifications/backports-3.6.0.gemspec
I, [2014-04-27T13:34:02.962336 #517738]  INFO -- : 0:  multi_json (1.9.2) from /var/lib/stickshift/535a8352e0b8cd340e00046a/app-root/data/lib/ruby/gems/specifications/multi_json-1.9.2.gemspec
I, [2014-04-27T13:34:02.965967 #517738]  INFO -- : 0:  rack (1.5.2) from /usr/libexec/openshift/cartridges/c9-0.1/root/lib/ruby/gems/specifications/rack-1.5.2.gemspec
I, [2014-04-27T13:34:02.966560 #517738]  INFO -- : 0:  rack-protection (1.5.3) from /var/lib/stickshift/535a8352e0b8cd340e00046a/app-root/data/lib/ruby/gems/specifications/rack-protection-1.5.3.gemspec
I, [2014-04-27T13:34:02.970466 #517738]  INFO -- : 0:  rack-test (0.6.2) from /usr/libexec/openshift/cartridges/c9-0.1/root/lib/ruby/gems/specifications/rack-test-0.6.2.gemspec
I, [2014-04-27T13:34:02.972932 #517738]  INFO -- : 0:  tilt (1.4.1) from /usr/libexec/openshift/cartridges/c9-0.1/root/lib/ruby/gems/specifications/tilt-1.4.1.gemspec
I, [2014-04-27T13:34:02.973514 #517738]  INFO -- : 0:  sinatra (1.4.5) from /var/lib/stickshift/535a8352e0b8cd340e00046a/app-root/data/lib/ruby/gems/specifications/sinatra-1.4.5.gemspec
I, [2014-04-27T13:34:02.976644 #517738]  INFO -- : 0:  sinatra-contrib (1.4.2) from /var/lib/stickshift/535a8352e0b8cd340e00046a/app-root/data/lib/ruby/gems/specifications/sinatra-contrib-1.4.2.gemspec
I, [2014-04-27T13:34:02.977230 #517738]  INFO -- : 0:  bundler (1.5.1) from /usr/libexec/openshift/cartridges/c9-0.1/root/lib/ruby/gems/specifications/bundler-1.5.1.gemspec
I, [2014-04-27T13:35:33.784505 #519676]  INFO -- : 0:  backports (3.6.0) from /var/lib/stickshift/535a8352e0b8cd340e00046a/app-root/data/lib/ruby/gems/specifications/backports-3.6.0.gemspec
I, [2014-04-27T13:35:33.785381 #519676]  INFO -- : 0:  multi_json (1.9.2) from /var/lib/stickshift/535a8352e0b8cd340e00046a/app-root/data/lib/ruby/gems/specifications/multi_json-1.9.2.gemspec
I, [2014-04-27T13:35:33.794170 #519676]  INFO -- : 0:  rack (1.5.2) from /usr/libexec/openshift/cartridges/c9-0.1/root/lib/ruby/gems/specifications/rack-1.5.2.gemspec
I, [2014-04-27T13:35:33.794865 #519676]  INFO -- : 0:  rack-protection (1.5.3) from /var/lib/stickshift/535a8352e0b8cd340e00046a/app-root/data/lib/ruby/gems/specifications/rack-protection-1.5.3.gemspec
I, [2014-04-27T13:35:33.796656 #519676]  INFO -- : 0:  rack-test (0.6.2) from /usr/libexec/openshift/cartridges/c9-0.1/root/lib/ruby/gems/specifications/rack-test-0.6.2.gemspec
I, [2014-04-27T13:35:33.797283 #519676]  INFO -- : 0:  tilt (1.4.1) from /usr/libexec/openshift/cartridges/c9-0.1/root/lib/ruby/gems/specifications/tilt-1.4.1.gemspec
I, [2014-04-27T13:35:33.799906 #519676]  INFO -- : 0:  sinatra (1.4.5) from /var/lib/stickshift/535a8352e0b8cd340e00046a/app-root/data/lib/ruby/gems/specifications/sinatra-1.4.5.gemspec
I, [2014-04-27T13:35:33.800504 #519676]  INFO -- : 0:  sinatra-contrib (1.4.2) from /var/lib/stickshift/535a8352e0b8cd340e00046a/app-root/data/lib/ruby/gems/specifications/sinatra-contrib-1.4.2.gemspec
I, [2014-04-27T13:35:33.803528 #519676]  INFO -- : 0:  bundler (1.5.1) from /usr/libexec/openshift/cartridges/c9-0.1/root/lib/ruby/gems/specifications/bundler-1.5.1.gemspec
I, [2014-04-27T14:05:41.179861 #34811]  INFO -- : 0:  backports (3.6.0) from /var/lib/stickshift/535a8352e0b8cd340e00046a/app-root/data/lib/ruby/gems/specifications/backports-3.6.0.gemspec
I, [2014-04-27T14:05:41.180790 #34811]  INFO -- : 0:  multi_json (1.9.2) from /var/lib/stickshift/535a8352e0b8cd340e00046a/app-root/data/lib/ruby/gems/specifications/multi_json-1.9.2.gemspec
I, [2014-04-27T14:05:41.181469 #34811]  INFO -- : 0:  rack (1.5.2) from /usr/libexec/openshift/cartridges/c9-0.1/root/lib/ruby/gems/specifications/rack-1.5.2.gemspec
I, [2014-04-27T14:05:41.182262 #34811]  INFO -- : 0:  rack-protection (1.5.3) from /var/lib/stickshift/535a8352e0b8cd340e00046a/app-root/data/lib/ruby/gems/specifications/rack-protection-1.5.3.gemspec
I, [2014-04-27T14:05:41.182927 #34811]  INFO -- : 0:  rack-test (0.6.2) from /usr/libexec/openshift/cartridges/c9-0.1/root/lib/ruby/gems/specifications/rack-test-0.6.2.gemspec
I, [2014-04-27T14:05:41.183542 #34811]  INFO -- : 0:  tilt (1.4.1) from /usr/libexec/openshift/cartridges/c9-0.1/root/lib/ruby/gems/specifications/tilt-1.4.1.gemspec
I, [2014-04-27T14:05:41.237015 #34811]  INFO -- : 0:  sinatra (1.4.5) from /var/lib/stickshift/535a8352e0b8cd340e00046a/app-root/data/lib/ruby/gems/specifications/sinatra-1.4.5.gemspec
I, [2014-04-27T14:05:41.237743 #34811]  INFO -- : 0:  sinatra-contrib (1.4.2) from /var/lib/stickshift/535a8352e0b8cd340e00046a/app-root/data/lib/ruby/gems/specifications/sinatra-contrib-1.4.2.gemspec
I, [2014-04-27T14:05:41.239136 #34811]  INFO -- : 0:  bundler (1.5.1) from /usr/libexec/openshift/cartridges/c9-0.1/root/lib/ruby/gems/specifications/bundler-1.5.1.gemspec
I, [2014-04-27T14:12:56.141586 #44626]  INFO -- : 0:  backports (3.6.0) from /var/lib/stickshift/535a8352e0b8cd340e00046a/app-root/data/lib/ruby/gems/specifications/backports-3.6.0.gemspec
I, [2014-04-27T14:12:56.143580 #44626]  INFO -- : 0:  multi_json (1.9.2) from /var/lib/stickshift/535a8352e0b8cd340e00046a/app-root/data/lib/ruby/gems/specifications/multi_json-1.9.2.gemspec
I, [2014-04-27T14:12:56.144762 #44626]  INFO -- : 0:  rack (1.5.2) from /usr/libexec/openshift/cartridges/c9-0.1/root/lib/ruby/gems/specifications/rack-1.5.2.gemspec
I, [2014-04-27T14:12:56.145441 #44626]  INFO -- : 0:  rack-protection (1.5.3) from /var/lib/stickshift/535a8352e0b8cd340e00046a/app-root/data/lib/ruby/gems/specifications/rack-protection-1.5.3.gemspec
I, [2014-04-27T14:12:56.147332 #44626]  INFO -- : 0:  rack-test (0.6.2) from /usr/libexec/openshift/cartridges/c9-0.1/root/lib/ruby/gems/specifications/rack-test-0.6.2.gemspec
I, [2014-04-27T14:12:56.148061 #44626]  INFO -- : 0:  tilt (1.4.1) from /usr/libexec/openshift/cartridges/c9-0.1/root/lib/ruby/gems/specifications/tilt-1.4.1.gemspec
I, [2014-04-27T14:12:56.148647 #44626]  INFO -- : 0:  sinatra (1.4.5) from /var/lib/stickshift/535a8352e0b8cd340e00046a/app-root/data/lib/ruby/gems/specifications/sinatra-1.4.5.gemspec
I, [2014-04-27T14:12:56.149741 #44626]  INFO -- : 0:  sinatra-contrib (1.4.2) from /var/lib/stickshift/535a8352e0b8cd340e00046a/app-root/data/lib/ruby/gems/specifications/sinatra-contrib-1.4.2.gemspec
I, [2014-04-27T14:12:56.150327 #44626]  INFO -- : 0:  bundler (1.5.1) from /usr/libexec/openshift/cartridges/c9-0.1/root/lib/ruby/gems/specifications/bundler-1.5.1.gemspec
